Determining if the pthread_create exist failed with the following output:
Change Dir: /home/nero/local_path_planner_ws/build/CMakeFiles/CMakeTmp

Run Build Command:"/usr/bin/make" "cmTC_c409f/fast"
/usr/bin/make -f CMakeFiles/cmTC_c409f.dir/build.make CMakeFiles/cmTC_c409f.dir/build
make[1]: Entering directory '/home/nero/local_path_planner_ws/build/CMakeFiles/CMakeTmp'
Building C object CMakeFiles/cmTC_c409f.dir/CheckSymbolExists.c.o
/usr/bin/cc    -o CMakeFiles/cmTC_c409f.dir/CheckSymbolExists.c.o   -c /home/nero/local_path_planner_ws/build/CMakeFiles/CMakeTmp/CheckSymbolExists.c
Linking C executable cmTC_c409f
/usr/bin/cmake -E cmake_link_script CMakeFiles/cmTC_c409f.dir/link.txt --verbose=1
/usr/bin/cc      -rdynamic CMakeFiles/cmTC_c409f.dir/CheckSymbolExists.c.o  -o cmTC_c409f 
CMakeFiles/cmTC_c409f.dir/CheckSymbolExists.c.o: In function `main':
CheckSymbolExists.c:(.text+0x1b): undefined reference to `pthread_create'
collect2: error: ld returned 1 exit status
CMakeFiles/cmTC_c409f.dir/build.make:97: recipe for target 'cmTC_c409f' failed
make[1]: *** [cmTC_c409f] Error 1
make[1]: Leaving directory '/home/nero/local_path_planner_ws/build/CMakeFiles/CMakeTmp'
Makefile:126: recipe for target 'cmTC_c409f/fast' failed
make: *** [cmTC_c409f/fast] Error 2

File /home/nero/local_path_planner_ws/build/CMakeFiles/CMakeTmp/CheckSymbolExists.c:
/* */
#include <pthread.h>

int main(int argc, char** argv)
{
  (void)argv;
#ifndef pthread_create
  return ((int*)(&pthread_create))[argc];
#else
  (void)argc;
  return 0;
#endif
}

Determining if the function pthread_create exists in the pthreads failed with the following output:
Change Dir: /home/nero/local_path_planner_ws/build/CMakeFiles/CMakeTmp

Run Build Command:"/usr/bin/make" "cmTC_16b32/fast"
/usr/bin/make -f CMakeFiles/cmTC_16b32.dir/build.make CMakeFiles/cmTC_16b32.dir/build
make[1]: Entering directory '/home/nero/local_path_planner_ws/build/CMakeFiles/CMakeTmp'
Building C object CMakeFiles/cmTC_16b32.dir/CheckFunctionExists.c.o
/usr/bin/cc   -DCHECK_FUNCTION_EXISTS=pthread_create   -o CMakeFiles/cmTC_16b32.dir/CheckFunctionExists.c.o   -c /usr/share/cmake-3.10/Modules/CheckFunctionExists.c
Linking C executable cmTC_16b32
/usr/bin/cmake -E cmake_link_script CMakeFiles/cmTC_16b32.dir/link.txt --verbose=1
/usr/bin/cc  -DCHECK_FUNCTION_EXISTS=pthread_create    -rdynamic CMakeFiles/cmTC_16b32.dir/CheckFunctionExists.c.o  -o cmTC_16b32 -lpthreads 
/usr/bin/ld: cannot find -lpthreads
collect2: error: ld returned 1 exit status
CMakeFiles/cmTC_16b32.dir/build.make:97: recipe for target 'cmTC_16b32' failed
make[1]: *** [cmTC_16b32] Error 1
make[1]: Leaving directory '/home/nero/local_path_planner_ws/build/CMakeFiles/CMakeTmp'
Makefile:126: recipe for target 'cmTC_16b32/fast' failed
make: *** [cmTC_16b32/fast] Error 2


